<?xml version="1.0" encoding="UTF-8"?>
<!-- Generated by org.testng.reporters.JUnitReportReporter -->
<testsuite hostname="DESKTOP-GAA2U1H" failures="0" tests="2" name="Project2.GoIbibo.Testcase_05" time="56.016" errors="0" timestamp="2024-04-21T17:55:53 IST" skipped="1">
  <testcase classname="Project2.GoIbibo.Testcase_05" name="CheckTwowayFlight_5" time="29.675">
    <skipped/>
  </testcase> <!-- CheckTwowayFlight_5 -->
  <system-out>
    <![CDATA[Test Case Started
Routing to the Homepage is Done
Routing to the Registration Pop up is Done]]>
  </system-out>
  <testcase classname="Project2.GoIbibo.Testcase_05" name="CheckTwowayFlight_5" time="26.341"/>
  <system-out>
    <![CDATA[Test Case Started
Routing to the Homepage is Done
Routing to the Registration Pop up is Done
Test has Passed]]>
  </system-out>
</testsuite> <!-- Project2.GoIbibo.Testcase_05 -->
