<?xml version="1.0" encoding="UTF-8"?>
<!-- Generated by org.testng.reporters.JUnitReportReporter -->
<testsuite hostname="DESKTOP-GAA2U1H" failures="0" tests="1" name="Project2.GoIbibo.Testcase_12" time="42.457" errors="0" timestamp="2024-04-21T17:55:53 IST" skipped="0">
  <testcase classname="Project2.GoIbibo.Testcase_12" name="ValidateLogin_Logout_12" time="42.457"/>
  <system-out>
    <![CDATA[Test Case Started
Routing to the Homepage is Done
Routing to the Registration Pop up is Done
Routing to the Complete Registration is Done
Clicking On the Round Trip is Done
Passing values in From text field is Done
Passing values in TO text field is Done
Clicking On the Traveller & Class Arrow is Done
Selecting Dates is done
Selecting Dates is done
Click on search results button is Done
Routing to the profile settings details page is done
Click on logout is Done
Test has Passed]]>
  </system-out>
</testsuite> <!-- Project2.GoIbibo.Testcase_12 -->
