<?xml version="1.0" encoding="UTF-8"?>
<!-- Generated by org.testng.reporters.JUnitReportReporter -->
<testsuite hostname="DESKTOP-GAA2U1H" failures="0" tests="1" name="Project2.GoIbibo.Testcase_07" time="33.383" errors="0" timestamp="2024-04-09T21:58:57 IST" skipped="0">
  <testcase classname="Project2.GoIbibo.Testcase_07" name="CheckMultiCityFlightSearch_7" time="33.383"/>
  <system-out>
    <![CDATA[Test Case Started
Routing to the Homepage is Done
Routing to the Registration Pop up is Done
Routing to the Complete Registration is Done
Test has Passed]]>
  </system-out>
</testsuite> <!-- Project2.GoIbibo.Testcase_07 -->
