<?xml version="1.0" encoding="UTF-8"?>
<!-- Generated by org.testng.reporters.JUnitReportReporter -->
<testsuite hostname="DESKTOP-GAA2U1H" failures="0" tests="1" name="Project2.GoIbibo.Testcase_08" time="35.187" errors="0" timestamp="2024-04-13T11:49:47 IST" skipped="0">
  <testcase classname="Project2.GoIbibo.Testcase_08" name="CheckSeatSelection_8" time="35.187"/>
  <system-out>
    <![CDATA[Test Case Started
Routing to the Homepage is Done
Routing to the Registration Pop up is Done
Clicking On the Traveller & Class Arrow is Done
Test has Passed]]>
  </system-out>
</testsuite> <!-- Project2.GoIbibo.Testcase_08 -->
