<?xml version="1.0" encoding="UTF-8"?>
<!-- Generated by org.testng.reporters.JUnitReportReporter -->
<testsuite hostname="DESKTOP-GAA2U1H" failures="0" tests="2" name="Project2.GoIbibo.Testcase_09" time="70.887" errors="0" timestamp="2024-04-14T15:39:41 IST" skipped="1">
  <testcase classname="Project2.GoIbibo.Testcase_09" name="ValidateMultiPassenger_9" time="34.831"/>
  <system-out>
    <![CDATA[Test Case Started
Routing to the Homepage is Done
Routing to the Registration Pop up is Done
Clicking On the Traveller & Class Arrow is Done
Test has Passed]]>
  </system-out>
  <testcase classname="Project2.GoIbibo.Testcase_09" name="ValidateMultiPassenger_9" time="36.056">
    <skipped/>
  </testcase> <!-- ValidateMultiPassenger_9 -->
  <system-out>
    <![CDATA[Test Case Started
Routing to the Homepage is Done
Routing to the Registration Pop up is Done
Clicking On the Traveller & Class Arrow is Done]]>
  </system-out>
</testsuite> <!-- Project2.GoIbibo.Testcase_09 -->
