<?xml version="1.0" encoding="UTF-8"?>
<!-- Generated by org.testng.reporters.JUnitReportReporter -->
<testsuite hostname="DESKTOP-GAA2U1H" failures="0" tests="1" name="Project2.GoIbibo.Testcase_04" time="22.425" errors="0" timestamp="2024-04-21T17:55:53 IST" skipped="0">
  <testcase classname="Project2.GoIbibo.Testcase_04" name="CheckOnwayFlight_4" time="22.425"/>
  <system-out>
    <![CDATA[Test Case Started
Routing to the Homepage is Done
Routing to the Registration Pop up is Done
Test has Passed]]>
  </system-out>
</testsuite> <!-- Project2.GoIbibo.Testcase_04 -->
