<?xml version="1.0" encoding="UTF-8"?>
<!-- Generated by org.testng.reporters.JUnitReportReporter -->
<testsuite hostname="DESKTOP-GAA2U1H" failures="0" tests="1" name="Project2.GoIbibo.Testcase_06" time="26.071" errors="0" timestamp="2024-04-09T08:00:36 IST" skipped="0">
  <testcase classname="Project2.GoIbibo.Testcase_06" name="CheckDiffClassesForFlight_5" time="26.071"/>
  <system-out>
    <![CDATA[Test Case Started
Routing to the Homepage is Done
Routing to the Registration Pop up is Done
Routing to the Complete Registration is Done
Test has Passed]]>
  </system-out>
</testsuite> <!-- Project2.GoIbibo.Testcase_06 -->
