<?xml version="1.0" encoding="UTF-8"?>
<!-- Generated by org.testng.reporters.JUnitReportReporter -->
<testsuite hostname="DESKTOP-GAA2U1H" failures="0" tests="1" name="Project2.GoIbibo.Testcase_08" time="40.758" errors="0" timestamp="2024-04-21T17:55:53 IST" skipped="0">
  <testcase classname="Project2.GoIbibo.Testcase_08" name="CheckSeatSelection_8" time="40.758"/>
  <system-out>
    <![CDATA[Test Case Started
Routing to the Homepage is Done
Routing to the Registration Pop up is Done
Passing values in From text field is Done
Passing values in TO text field is Done
Selecting Dates is done
Passing values in TO MultiCityTf is Done
Selecting Dates is done
Clicking On the Traveller & Class Arrow is Done
Click on search results button is Done
Click on book button is Done
Passing values in for Adult1 is Done
Passing values in for Adult2 is Done
Passing values in for Child1 is Done
Passing values in for EmailId and PhoneNo is Done
Routing to seat booking page done
Custom Seats selection is Done
Test has Passed]]>
  </system-out>
</testsuite> <!-- Project2.GoIbibo.Testcase_08 -->
